2016-10-22 20:51:05,258 [ INFO] Main test start at Main.main(Main.java:16)
2016-10-22 20:51:05,262 [ INFO] Main test end at Main.main(Main.java:17)
2016-10-22 20:51:41,481 [ INFO] Main test start at Main.main(Main.java:16)
2016-10-22 20:51:41,492 [ INFO] Main test end at Main.main(Main.java:17)
2016-10-22 20:53:52,856 [ INFO] Main test start at Main.main(Main.java:16)
2016-10-22 20:53:52,871 [ INFO] Main test end at Main.main(Main.java:17)
2016-10-22 20:55:35,036 [ INFO] Main test start at Main.main(Main.java:16)
2016-10-22 20:55:35,043 [ INFO] Main test end at Main.main(Main.java:17)
2016-10-22 20:58:19,362 [ INFO] Main test start at Main.main(Main.java:16)
2016-10-22 20:58:19,371 [ INFO] Main test end at Main.main(Main.java:17)
2016-10-22 20:59:56,695 [DEBUG] Main Inside main() at Main.main(Main.java:16)
2016-10-22 20:59:56,703 [ INFO] Main Hello world! at Main.main(Main.java:17)
2016-10-22 20:59:56,705 [ERROR] Main Error! at Main.main(Main.java:18)
java.lang.Exception: An exception
	at Main.main(Main.java:18)
	at sun.reflect.NativeMethodAccessorImpl.invoke0(Native Method)
	at sun.reflect.NativeMethodAccessorImpl.invoke(NativeMethodAccessorImpl.java:62)
	at sun.reflect.DelegatingMethodAccessorImpl.invoke(DelegatingMethodAccessorImpl.java:43)
	at java.lang.reflect.Method.invoke(Method.java:497)
	at com.intellij.rt.execution.application.AppMain.main(AppMain.java:144)
2016-10-22 22:46:46,759 [DEBUG] Main Inside main() at Main.main(Main.java:16)
2016-10-22 22:46:46,767 [ INFO] Main Hello world! at Main.main(Main.java:17)
2016-10-22 22:46:46,772 [ERROR] Main Error! at Main.main(Main.java:18)
java.lang.Exception: An exception
	at Main.main(Main.java:18)
	at sun.reflect.NativeMethodAccessorImpl.invoke0(Native Method)
	at sun.reflect.NativeMethodAccessorImpl.invoke(NativeMethodAccessorImpl.java:62)
	at sun.reflect.DelegatingMethodAccessorImpl.invoke(DelegatingMethodAccessorImpl.java:43)
	at java.lang.reflect.Method.invoke(Method.java:497)
	at com.intellij.rt.execution.application.AppMain.main(AppMain.java:144)
2016-10-22 22:54:17,146 [DEBUG] Main Inside main() at Main.main(Main.java:16)
2016-10-22 22:54:17,152 [ INFO] Main Hello world! at Main.main(Main.java:17)
2016-10-22 22:54:17,153 [ERROR] Main Error! at Main.main(Main.java:18)
java.lang.Exception: An exception
	at Main.main(Main.java:18)
	at sun.reflect.NativeMethodAccessorImpl.invoke0(Native Method)
	at sun.reflect.NativeMethodAccessorImpl.invoke(NativeMethodAccessorImpl.java:62)
	at sun.reflect.DelegatingMethodAccessorImpl.invoke(DelegatingMethodAccessorImpl.java:43)
	at java.lang.reflect.Method.invoke(Method.java:497)
	at com.intellij.rt.execution.application.AppMain.main(AppMain.java:144)
2016-10-22 23:02:21,633 [DEBUG] Main Inside main() at Main.main(Main.java:16)
2016-10-22 23:02:21,640 [ INFO] Main Hello world! at Main.main(Main.java:17)
2016-10-22 23:02:21,641 [ERROR] Main Error! at Main.main(Main.java:18)
java.lang.Exception: An exception
	at Main.main(Main.java:18)
	at sun.reflect.NativeMethodAccessorImpl.invoke0(Native Method)
	at sun.reflect.NativeMethodAccessorImpl.invoke(NativeMethodAccessorImpl.java:62)
	at sun.reflect.DelegatingMethodAccessorImpl.invoke(DelegatingMethodAccessorImpl.java:43)
	at java.lang.reflect.Method.invoke(Method.java:497)
	at com.intellij.rt.execution.application.AppMain.main(AppMain.java:144)
2016-10-22 23:02:55,946 [DEBUG] Main Inside main() at Main.main(Main.java:16)
2016-10-22 23:02:55,959 [ INFO] Main Hello world! at Main.main(Main.java:17)
2016-10-22 23:02:55,965 [ERROR] Main Error! at Main.main(Main.java:18)
java.lang.Exception: An exception
	at Main.main(Main.java:18)
	at sun.reflect.NativeMethodAccessorImpl.invoke0(Native Method)
	at sun.reflect.NativeMethodAccessorImpl.invoke(NativeMethodAccessorImpl.java:62)
	at sun.reflect.DelegatingMethodAccessorImpl.invoke(DelegatingMethodAccessorImpl.java:43)
	at java.lang.reflect.Method.invoke(Method.java:497)
	at com.intellij.rt.execution.application.AppMain.main(AppMain.java:144)
2016-10-22 23:04:06,485 [DEBUG] Main Inside main() at Main.main(Main.java:16)
2016-10-22 23:04:06,525 [ INFO] Main Hello world! at Main.main(Main.java:17)
2016-10-22 23:04:06,547 [ERROR] Main Error! at Main.main(Main.java:18)
java.lang.Exception: An exception
	at Main.main(Main.java:18)
	at sun.reflect.NativeMethodAccessorImpl.invoke0(Native Method)
	at sun.reflect.NativeMethodAccessorImpl.invoke(NativeMethodAccessorImpl.java:62)
	at sun.reflect.DelegatingMethodAccessorImpl.invoke(DelegatingMethodAccessorImpl.java:43)
	at java.lang.reflect.Method.invoke(Method.java:497)
	at com.intellij.rt.execution.application.AppMain.main(AppMain.java:144)
2016-10-22 23:04:20,764 [DEBUG] Main Inside main() at Main.main(Main.java:16)
2016-10-22 23:04:20,771 [ INFO] Main Hello world! at Main.main(Main.java:17)
2016-10-22 23:04:20,772 [ERROR] Main Error! at Main.main(Main.java:18)
java.lang.Exception: An exception
	at Main.main(Main.java:18)
	at sun.reflect.NativeMethodAccessorImpl.invoke0(Native Method)
	at sun.reflect.NativeMethodAccessorImpl.invoke(NativeMethodAccessorImpl.java:62)
	at sun.reflect.DelegatingMethodAccessorImpl.invoke(DelegatingMethodAccessorImpl.java:43)
	at java.lang.reflect.Method.invoke(Method.java:497)
	at com.intellij.rt.execution.application.AppMain.main(AppMain.java:144)
2016-10-22 23:10:56,380 [DEBUG] Main Inside main() at Main.main(Main.java:16)
2016-10-22 23:10:56,389 [ INFO] Main Hello world! at Main.main(Main.java:17)
2016-10-22 23:10:56,391 [ERROR] Main Error! at Main.main(Main.java:18)
java.lang.Exception: An exception
	at Main.main(Main.java:18)
	at sun.reflect.NativeMethodAccessorImpl.invoke0(Native Method)
	at sun.reflect.NativeMethodAccessorImpl.invoke(NativeMethodAccessorImpl.java:62)
	at sun.reflect.DelegatingMethodAccessorImpl.invoke(DelegatingMethodAccessorImpl.java:43)
	at java.lang.reflect.Method.invoke(Method.java:497)
	at com.intellij.rt.execution.application.AppMain.main(AppMain.java:144)
2016-10-23 00:01:54,610 [DEBUG] Main Inside main() at Main.main(Main.java:16)
2016-10-23 00:01:54,623 [ INFO] Main Hello world! at Main.main(Main.java:17)
2016-10-23 00:01:54,624 [ERROR] Main Error! at Main.main(Main.java:18)
java.lang.Exception: An exception
	at Main.main(Main.java:18)
	at sun.reflect.NativeMethodAccessorImpl.invoke0(Native Method)
	at sun.reflect.NativeMethodAccessorImpl.invoke(NativeMethodAccessorImpl.java:62)
	at sun.reflect.DelegatingMethodAccessorImpl.invoke(DelegatingMethodAccessorImpl.java:43)
	at java.lang.reflect.Method.invoke(Method.java:497)
	at com.intellij.rt.execution.application.AppMain.main(AppMain.java:144)
2016-10-23 00:08:50,238 [DEBUG] Main Inside main() at Main.main(Main.java:16)
2016-10-23 00:08:50,244 [ INFO] Main Hello world! at Main.main(Main.java:17)
2016-10-23 00:08:50,245 [ERROR] Main Error! at Main.main(Main.java:18)
java.lang.Exception: An exception
	at Main.main(Main.java:18)
	at sun.reflect.NativeMethodAccessorImpl.invoke0(Native Method)
	at sun.reflect.NativeMethodAccessorImpl.invoke(NativeMethodAccessorImpl.java:62)
	at sun.reflect.DelegatingMethodAccessorImpl.invoke(DelegatingMethodAccessorImpl.java:43)
	at java.lang.reflect.Method.invoke(Method.java:497)
	at com.intellij.rt.execution.application.AppMain.main(AppMain.java:144)
2016-10-23 00:09:19,501 [DEBUG] Main Inside main() at Main.main(Main.java:16)
2016-10-23 00:09:19,507 [ INFO] Main Hello world! at Main.main(Main.java:17)
2016-10-23 00:09:19,508 [ERROR] Main Error! at Main.main(Main.java:18)
java.lang.Exception: An exception
	at Main.main(Main.java:18)
	at sun.reflect.NativeMethodAccessorImpl.invoke0(Native Method)
	at sun.reflect.NativeMethodAccessorImpl.invoke(NativeMethodAccessorImpl.java:62)
	at sun.reflect.DelegatingMethodAccessorImpl.invoke(DelegatingMethodAccessorImpl.java:43)
	at java.lang.reflect.Method.invoke(Method.java:497)
	at com.intellij.rt.execution.application.AppMain.main(AppMain.java:144)
2016-10-23 00:09:35,455 [DEBUG] Main Inside main() at Main.main(Main.java:16)
2016-10-23 00:09:35,462 [ INFO] Main Hello world! at Main.main(Main.java:17)
2016-10-23 00:09:35,464 [ERROR] Main Error! at Main.main(Main.java:18)
java.lang.Exception: An exception
	at Main.main(Main.java:18)
	at sun.reflect.NativeMethodAccessorImpl.invoke0(Native Method)
	at sun.reflect.NativeMethodAccessorImpl.invoke(NativeMethodAccessorImpl.java:62)
	at sun.reflect.DelegatingMethodAccessorImpl.invoke(DelegatingMethodAccessorImpl.java:43)
	at java.lang.reflect.Method.invoke(Method.java:497)
	at com.intellij.rt.execution.application.AppMain.main(AppMain.java:144)
2016-10-23 00:09:58,796 [DEBUG] Main Inside main() at Main.main(Main.java:16)
2016-10-23 00:09:58,802 [ INFO] Main Hello world! at Main.main(Main.java:17)
2016-10-23 00:09:58,804 [ERROR] Main Error! at Main.main(Main.java:18)
java.lang.Exception: An exception
	at Main.main(Main.java:18)
	at sun.reflect.NativeMethodAccessorImpl.invoke0(Native Method)
	at sun.reflect.NativeMethodAccessorImpl.invoke(NativeMethodAccessorImpl.java:62)
	at sun.reflect.DelegatingMethodAccessorImpl.invoke(DelegatingMethodAccessorImpl.java:43)
	at java.lang.reflect.Method.invoke(Method.java:497)
	at com.intellij.rt.execution.application.AppMain.main(AppMain.java:144)
2016-10-23 00:10:18,712 [DEBUG] Main Inside main() at Main.main(Main.java:16)
2016-10-23 00:10:18,718 [ INFO] Main Hello world! at Main.main(Main.java:17)
2016-10-23 00:10:18,719 [ERROR] Main Error! at Main.main(Main.java:18)
java.lang.Exception: An exception
	at Main.main(Main.java:18)
	at sun.reflect.NativeMethodAccessorImpl.invoke0(Native Method)
	at sun.reflect.NativeMethodAccessorImpl.invoke(NativeMethodAccessorImpl.java:62)
	at sun.reflect.DelegatingMethodAccessorImpl.invoke(DelegatingMethodAccessorImpl.java:43)
	at java.lang.reflect.Method.invoke(Method.java:497)
	at com.intellij.rt.execution.application.AppMain.main(AppMain.java:144)
2016-10-23 00:10:38,668 [DEBUG] Main Inside main() at Main.main(Main.java:16)
2016-10-23 00:10:38,683 [ INFO] Main Hello world! at Main.main(Main.java:17)
2016-10-23 00:10:38,684 [ERROR] Main Error! at Main.main(Main.java:18)
java.lang.Exception: An exception
	at Main.main(Main.java:18)
	at sun.reflect.NativeMethodAccessorImpl.invoke0(Native Method)
	at sun.reflect.NativeMethodAccessorImpl.invoke(NativeMethodAccessorImpl.java:62)
	at sun.reflect.DelegatingMethodAccessorImpl.invoke(DelegatingMethodAccessorImpl.java:43)
	at java.lang.reflect.Method.invoke(Method.java:497)
	at com.intellij.rt.execution.application.AppMain.main(AppMain.java:144)
2016-10-23 00:11:29,909 [DEBUG] Main Inside main() at Main.main(Main.java:16)
2016-10-23 00:11:29,931 [ INFO] Main Hello world! at Main.main(Main.java:17)
2016-10-23 00:11:29,934 [ERROR] Main Error! at Main.main(Main.java:18)
java.lang.Exception: An exception
	at Main.main(Main.java:18)
	at sun.reflect.NativeMethodAccessorImpl.invoke0(Native Method)
	at sun.reflect.NativeMethodAccessorImpl.invoke(NativeMethodAccessorImpl.java:62)
	at sun.reflect.DelegatingMethodAccessorImpl.invoke(DelegatingMethodAccessorImpl.java:43)
	at java.lang.reflect.Method.invoke(Method.java:497)
	at com.intellij.rt.execution.application.AppMain.main(AppMain.java:144)
2016-10-23 00:13:20,940 [DEBUG] Main Inside main() at Main.main(Main.java:16)
2016-10-23 00:13:20,945 [ INFO] Main Hello world! at Main.main(Main.java:17)
2016-10-23 00:13:20,947 [ERROR] Main Error! at Main.main(Main.java:18)
java.lang.Exception: An exception
	at Main.main(Main.java:18)
	at sun.reflect.NativeMethodAccessorImpl.invoke0(Native Method)
	at sun.reflect.NativeMethodAccessorImpl.invoke(NativeMethodAccessorImpl.java:62)
	at sun.reflect.DelegatingMethodAccessorImpl.invoke(DelegatingMethodAccessorImpl.java:43)
	at java.lang.reflect.Method.invoke(Method.java:497)
	at com.intellij.rt.execution.application.AppMain.main(AppMain.java:144)
2016-10-23 00:13:31,677 [DEBUG] Main Inside main() at Main.main(Main.java:16)
2016-10-23 00:13:31,687 [ INFO] Main Hello world! at Main.main(Main.java:17)
2016-10-23 00:13:31,689 [ERROR] Main Error! at Main.main(Main.java:18)
java.lang.Exception: An exception
	at Main.main(Main.java:18)
	at sun.reflect.NativeMethodAccessorImpl.invoke0(Native Method)
	at sun.reflect.NativeMethodAccessorImpl.invoke(NativeMethodAccessorImpl.java:62)
	at sun.reflect.DelegatingMethodAccessorImpl.invoke(DelegatingMethodAccessorImpl.java:43)
	at java.lang.reflect.Method.invoke(Method.java:497)
	at com.intellij.rt.execution.application.AppMain.main(AppMain.java:144)
2016-10-23 11:56:42,681 [DEBUG] org.jboss.logging Logging Provider: org.jboss.logging.Log4jLoggerProvider at org.hibernate.jpa.HibernatePersistenceProvider.<clinit>(HibernatePersistenceProvider.java:38)
2016-10-23 12:19:26,290 [DEBUG] org.jboss.logging Logging Provider: org.jboss.logging.Log4jLoggerProvider at org.hibernate.jpa.HibernatePersistenceProvider.<clinit>(HibernatePersistenceProvider.java:38)
2016-10-23 12:19:47,267 [DEBUG] org.jboss.logging Logging Provider: org.jboss.logging.Log4jLoggerProvider at org.hibernate.jpa.HibernatePersistenceProvider.<clinit>(HibernatePersistenceProvider.java:38)
2016-10-23 12:21:11,011 [DEBUG] org.jboss.logging Logging Provider: org.jboss.logging.Log4jLoggerProvider at org.hibernate.jpa.HibernatePersistenceProvider.<clinit>(HibernatePersistenceProvider.java:38)
2016-10-23 12:21:28,210 [DEBUG] org.jboss.logging Logging Provider: org.jboss.logging.Log4jLoggerProvider at org.hibernate.jpa.HibernatePersistenceProvider.<clinit>(HibernatePersistenceProvider.java:38)
2016-10-23 12:36:06,015 [DEBUG] org.jboss.logging Logging Provider: org.jboss.logging.Log4jLoggerProvider at org.hibernate.jpa.HibernatePersistenceProvider.<clinit>(HibernatePersistenceProvider.java:38)
2016-10-23 14:00:22,128 [DEBUG] org.jboss.logging Logging Provider: org.jboss.logging.Log4jLoggerProvider at org.hibernate.jpa.HibernatePersistenceProvider.<clinit>(HibernatePersistenceProvider.java:38)
2016-10-23 14:08:06,366 [DEBUG] org.jboss.logging Logging Provider: org.jboss.logging.Log4jLoggerProvider at org.hibernate.jpa.HibernatePersistenceProvider.<clinit>(HibernatePersistenceProvider.java:38)
2016-10-23 14:08:46,163 [DEBUG] org.jboss.logging Logging Provider: org.jboss.logging.Log4jLoggerProvider at org.hibernate.jpa.HibernatePersistenceProvider.<clinit>(HibernatePersistenceProvider.java:38)
2016-10-23 15:05:01,161 [DEBUG] org.jboss.logging Logging Provider: org.jboss.logging.Log4jLoggerProvider at org.hibernate.jpa.HibernatePersistenceProvider.<clinit>(HibernatePersistenceProvider.java:38)
2016-10-23 15:08:59,471 [DEBUG] org.jboss.logging Logging Provider: org.jboss.logging.Log4jLoggerProvider at org.hibernate.jpa.HibernatePersistenceProvider.<clinit>(HibernatePersistenceProvider.java:38)
